# JRE version: OpenJDK Runtime Environment Temurin-17.0.12+7 (17.0.12+7) (build 17.0.12+7)
# Java VM: OpenJDK 64-Bit Server VM Temurin-17.0.12+7 (17.0.12+7, mixed mode, tiered, compressed oops, compressed class ptrs, parallel gc, windows-amd64)
GC Precious Log:
 CPUs: 2 total, 2 available
 Memory: 8071M
 Large Page Support: Disabled
 NUMA Support: Disabled
 Compressed Oops: Enabled (32-bit)
 Alignments: Space 512K, Generation 512K, Heap 2M
 Heap Min Capacity: 100M
 Heap Initial Capacity: 100M
 Heap Max Capacity: 1G
 Pre-touch: Disabled
 Parallel Workers: 2
Heap:
 PSYoungGen      total 2560K, used 1567K [0x00000000eab00000, 0x00000000eaf80000, 0x0000000100000000)
  eden space 2048K, 52% used [0x00000000eab00000,0x00000000eac0d168,0x00000000ead00000)
  from space 512K, 100% used [0x00000000eaf00000,0x00000000eaf80000,0x00000000eaf80000)
  to   space 1024K, 0% used [0x00000000ead80000,0x00000000ead80000,0x00000000eae80000)
 ParOldGen       total 109568K, used 92394K [0x00000000c0000000, 0x00000000c6b00000, 0x00000000eab00000)
  object space 109568K, 84% used [0x00000000c0000000,0x00000000c5a3a980,0x00000000c6b00000)
 Metaspace       used 102756K, committed 104064K, reserved 1179648K
  class space    used 10197K, committed 10752K, reserved 1048576K
GC Heap History (20 events):
Event: 63526.509 GC heap before
{Heap before GC invocations=38967 (full 708):
 PSYoungGen      total 4096K, used 3904K [0x00000000eab00000, 0x00000000eb200000, 0x0000000100000000)
  eden space 2048K, 100% used [0x00000000eab00000,0x00000000ead00000,0x00000000ead00000)
  from space 2048K, 90% used [0x00000000ead00000,0x00000000eaed0000,0x00000000eaf00000)
  to   space 2560K, 0% used [0x00000000eaf80000,0x00000000eaf80000,0x00000000eb200000)
 ParOldGen       total 109568K, used 87269K [0x00000000c0000000, 0x00000000c6b00000, 0x00000000eab00000)
  object space 109568K, 79% used [0x00000000c0000000,0x00000000c5539728,0x00000000c6b00000)
 Metaspace       used 102756K, committed 104064K, reserved 1179648K
  class space    used 10197K, committed 10752K, reserved 1048576K
}
Event: 63526.515 GC heap after
{Heap after GC invocations=38967 (full 708):
 PSYoungGen      total 2560K, used 448K [0x00000000eab00000, 0x00000000eb000000, 0x0000000100000000)
  eden space 2048K, 0% used [0x00000000eab00000,0x00000000eab00000,0x00000000ead00000)
  from space 512K, 87% used [0x00000000eaf80000,0x00000000eaff0000,0x00000000eb000000)
  to   space 1024K, 0% used [0x00000000eae00000,0x00000000eae00000,0x00000000eaf00000)
 ParOldGen       total 109568K, used 89091K [0x00000000c0000000, 0x00000000c6b00000, 0x00000000eab00000)
  object space 109568K, 81% used [0x00000000c0000000,0x00000000c5700da0,0x00000000c6b00000)
 Metaspace       used 102756K, committed 104064K, reserved 1179648K
  class space    used 10197K, committed 10752K, reserved 1048576K
}
Event: 63527.072 GC heap before
{Heap before GC invocations=38968 (full 708):
 PSYoungGen      total 2560K, used 2495K [0x00000000eab00000, 0x00000000eb000000, 0x0000000100000000)
  eden space 2048K, 99% used [0x00000000eab00000,0x00000000eacffff0,0x00000000ead00000)
  from space 512K, 87% used [0x00000000eaf80000,0x00000000eaff0000,0x00000000eb000000)
  to   space 1024K, 0% used [0x00000000eae00000,0x00000000eae00000,0x00000000eaf00000)
 ParOldGen       total 109568K, used 89091K [0x00000000c0000000, 0x00000000c6b00000, 0x00000000eab00000)
  object space 109568K, 81% used [0x00000000c0000000,0x00000000c5700da0,0x00000000c6b00000)
 Metaspace       used 102756K, committed 104064K, reserved 1179648K
  class space    used 10197K, committed 10752K, reserved 1048576K
}
Event: 63527.074 GC heap after
{Heap after GC invocations=38968 (full 708):
 PSYoungGen      total 3072K, used 256K [0x00000000eab00000, 0x00000000eb000000, 0x0000000100000000)
  eden space 2048K, 0% used [0x00000000eab00000,0x00000000eab00000,0x00000000ead00000)
  from space 1024K, 25% used [0x00000000eae00000,0x00000000eae40000,0x00000000eaf00000)
  to   space 512K, 0% used [0x00000000eaf80000,0x00000000eaf80000,0x00000000eb000000)
 ParOldGen       total 109568K, used 89530K [0x00000000c0000000, 0x00000000c6b00000, 0x00000000eab00000)
  object space 109568K, 81% used [0x00000000c0000000,0x00000000c576eaa0,0x00000000c6b00000)
 Metaspace       used 102756K, committed 104064K, reserved 1179648K
  class space    used 10197K, committed 10752K, reserved 1048576K
}
Event: 63527.407 GC heap before
{Heap before GC invocations=38969 (full 708):
 PSYoungGen      total 3072K, used 2304K [0x00000000eab00000, 0x00000000eb000000, 0x0000000100000000)
  eden space 2048K, 100% used [0x00000000eab00000,0x00000000ead00000,0x00000000ead00000)
  from space 1024K, 25% used [0x00000000eae00000,0x00000000eae40000,0x00000000eaf00000)
  to   space 512K, 0% used [0x00000000eaf80000,0x00000000eaf80000,0x00000000eb000000)
 ParOldGen       total 109568K, used 89530K [0x00000000c0000000, 0x00000000c6b00000, 0x00000000eab00000)
  object space 109568K, 81% used [0x00000000c0000000,0x00000000c576eaa0,0x00000000c6b00000)
 Metaspace       used 102756K, committed 104064K, reserved 1179648K
  class space    used 10197K, committed 10752K, reserved 1048576K
}
Event: 63527.410 GC heap after
{Heap after GC invocations=38969 (full 708):
 PSYoungGen      total 2560K, used 512K [0x00000000eab00000, 0x00000000eb000000, 0x0000000100000000)
  eden space 2048K, 0% used [0x00000000eab00000,0x00000000eab00000,0x00000000ead00000)
  from space 512K, 100% used [0x00000000eaf80000,0x00000000eb000000,0x00000000eb000000)
  to   space 1024K, 0% used [0x00000000eae00000,0x00000000eae00000,0x00000000eaf00000)
 ParOldGen       total 109568K, used 89790K [0x00000000c0000000, 0x00000000c6b00000, 0x00000000eab00000)
  object space 109568K, 81% used [0x00000000c0000000,0x00000000c57af828,0x00000000c6b00000)
 Metaspace       used 102756K, committed 104064K, reserved 1179648K
  class space    used 10197K, committed 10752K, reserved 1048576K
}
Event: 63527.514 GC heap before
{Heap before GC invocations=38970 (full 708):
 PSYoungGen      total 2560K, used 2560K [0x00000000eab00000, 0x00000000eb000000, 0x0000000100000000)
  eden space 2048K, 100% used [0x00000000eab00000,0x00000000ead00000,0x00000000ead00000)
  from space 512K, 100% used [0x00000000eaf80000,0x00000000eb000000,0x00000000eb000000)
  to   space 1024K, 0% used [0x00000000eae00000,0x00000000eae00000,0x00000000eaf00000)
 ParOldGen       total 109568K, used 89790K [0x00000000c0000000, 0x00000000c6b00000, 0x00000000eab00000)
  object space 109568K, 81% used [0x00000000c0000000,0x00000000c57af828,0x00000000c6b00000)
 Metaspace       used 102756K, committed 104064K, reserved 1179648K
  class space    used 10197K, committed 10752K, reserved 1048576K
}
Event: 63527.518 GC heap after
{Heap after GC invocations=38970 (full 708):
 PSYoungGen      total 3072K, used 576K [0x00000000eab00000, 0x00000000eb000000, 0x0000000100000000)
  eden space 2048K, 0% used [0x00000000eab00000,0x00000000eab00000,0x00000000ead00000)
  from space 1024K, 56% used [0x00000000eae00000,0x00000000eae90000,0x00000000eaf00000)
  to   space 1024K, 0% used [0x00000000eaf00000,0x00000000eaf00000,0x00000000eb000000)
 ParOldGen       total 109568K, used 90231K [0x00000000c0000000, 0x00000000c6b00000, 0x00000000eab00000)
  object space 109568K, 82% used [0x00000000c0000000,0x00000000c581df28,0x00000000c6b00000)
 Metaspace       used 102756K, committed 104064K, reserved 1179648K
  class space    used 10197K, committed 10752K, reserved 1048576K
}
Event: 63528.562 GC heap before
{Heap before GC invocations=38971 (full 708):
 PSYoungGen      total 3072K, used 2624K [0x00000000eab00000, 0x00000000eb000000, 0x0000000100000000)
  eden space 2048K, 100% used [0x00000000eab00000,0x00000000ead00000,0x00000000ead00000)
  from space 1024K, 56% used [0x00000000eae00000,0x00000000eae90000,0x00000000eaf00000)
  to   space 1024K, 0% used [0x00000000eaf00000,0x00000000eaf00000,0x00000000eb000000)
 ParOldGen       total 109568K, used 90231K [0x00000000c0000000, 0x00000000c6b00000, 0x00000000eab00000)
  object space 109568K, 82% used [0x00000000c0000000,0x00000000c581df28,0x00000000c6b00000)
 Metaspace       used 102756K, committed 104064K, reserved 1179648K
  class space    used 10197K, committed 10752K, reserved 1048576K
}
Event: 63528.567 GC heap after
{Heap after GC invocations=38971 (full 708):
 PSYoungGen      total 3072K, used 576K [0x00000000eab00000, 0x00000000eb000000, 0x0000000100000000)
  eden space 2048K, 0% used [0x00000000eab00000,0x00000000eab00000,0x00000000ead00000)
  from space 1024K, 56% used [0x00000000eaf00000,0x00000000eaf90020,0x00000000eb000000)
  to   space 1024K, 0% used [0x00000000eae00000,0x00000000eae00000,0x00000000eaf00000)
 ParOldGen       total 109568K, used 90787K [0x00000000c0000000, 0x00000000c6b00000, 0x00000000eab00000)
  object space 109568K, 82% used [0x00000000c0000000,0x00000000c58a8d58,0x00000000c6b00000)
 Metaspace       used 102756K, committed 104064K, reserved 1179648K
  class space    used 10197K, committed 10752K, reserved 1048576K
}
Event: 63528.581 GC heap before
{Heap before GC invocations=38972 (full 708):
 PSYoungGen      total 3072K, used 2624K [0x00000000eab00000, 0x00000000eb000000, 0x0000000100000000)
  eden space 2048K, 100% used [0x00000000eab00000,0x00000000ead00000,0x00000000ead00000)
  from space 1024K, 56% used [0x00000000eaf00000,0x00000000eaf90020,0x00000000eb000000)
  to   space 1024K, 0% used [0x00000000eae00000,0x00000000eae00000,0x00000000eaf00000)
 ParOldGen       total 109568K, used 90787K [0x00000000c0000000, 0x00000000c6b00000, 0x00000000eab00000)
  object space 109568K, 82% used [0x00000000c0000000,0x00000000c58a8d58,0x00000000c6b00000)
 Metaspace       used 102756K, committed 104064K, reserved 1179648K
  class space    used 10197K, committed 10752K, reserved 1048576K
}
Event: 63528.586 GC heap after
{Heap after GC invocations=38972 (full 708):
 PSYoungGen      total 3072K, used 320K [0x00000000eab00000, 0x00000000eaf80000, 0x0000000100000000)
  eden space 2048K, 0% used [0x00000000eab00000,0x00000000eab00000,0x00000000ead00000)
  from space 1024K, 31% used [0x00000000eae00000,0x00000000eae50000,0x00000000eaf00000)
  to   space 512K, 0% used [0x00000000eaf00000,0x00000000eaf00000,0x00000000eaf80000)
 ParOldGen       total 109568K, used 91321K [0x00000000c0000000, 0x00000000c6b00000, 0x00000000eab00000)
  object space 109568K, 83% used [0x00000000c0000000,0x00000000c592e7d0,0x00000000c6b00000)
 Metaspace       used 102756K, committed 104064K, reserved 1179648K
  class space    used 10197K, committed 10752K, reserved 1048576K
}
Event: 63528.818 GC heap before
{Heap before GC invocations=38973 (full 708):
 PSYoungGen      total 3072K, used 2367K [0x00000000eab00000, 0x00000000eaf80000, 0x0000000100000000)
  eden space 2048K, 99% used [0x00000000eab00000,0x00000000eacffd00,0x00000000ead00000)
  from space 1024K, 31% used [0x00000000eae00000,0x00000000eae50000,0x00000000eaf00000)
  to   space 512K, 0% used [0x00000000eaf00000,0x00000000eaf00000,0x00000000eaf80000)
 ParOldGen       total 109568K, used 91321K [0x00000000c0000000, 0x00000000c6b00000, 0x00000000eab00000)
  object space 109568K, 83% used [0x00000000c0000000,0x00000000c592e7d0,0x00000000c6b00000)
 Metaspace       used 102756K, committed 104064K, reserved 1179648K
  class space    used 10197K, committed 10752K, reserved 1048576K
}
Event: 63528.822 GC heap after
{Heap after GC invocations=38973 (full 708):
 PSYoungGen      total 2560K, used 416K [0x00000000eab00000, 0x00000000eaf80000, 0x0000000100000000)
  eden space 2048K, 0% used [0x00000000eab00000,0x00000000eab00000,0x00000000ead00000)
  from space 512K, 81% used [0x00000000eaf00000,0x00000000eaf68000,0x00000000eaf80000)
  to   space 512K, 0% used [0x00000000eae80000,0x00000000eae80000,0x00000000eaf00000)
 ParOldGen       total 109568K, used 91601K [0x00000000c0000000, 0x00000000c6b00000, 0x00000000eab00000)
  object space 109568K, 83% used [0x00000000c0000000,0x00000000c59747d0,0x00000000c6b00000)
 Metaspace       used 102756K, committed 104064K, reserved 1179648K
  class space    used 10197K, committed 10752K, reserved 1048576K
}
Event: 63529.340 GC heap before
{Heap before GC invocations=38974 (full 708):
 PSYoungGen      total 2560K, used 2460K [0x00000000eab00000, 0x00000000eaf80000, 0x0000000100000000)
  eden space 2048K, 99% used [0x00000000eab00000,0x00000000eacff060,0x00000000ead00000)
  from space 512K, 81% used [0x00000000eaf00000,0x00000000eaf68000,0x00000000eaf80000)
  to   space 512K, 0% used [0x00000000eae80000,0x00000000eae80000,0x00000000eaf00000)
 ParOldGen       total 109568K, used 91601K [0x00000000c0000000, 0x00000000c6b00000, 0x00000000eab00000)
  object space 109568K, 83% used [0x00000000c0000000,0x00000000c59747d0,0x00000000c6b00000)
 Metaspace       used 102756K, committed 104064K, reserved 1179648K
  class space    used 10197K, committed 10752K, reserved 1048576K
}
Event: 63529.343 GC heap after
{Heap after GC invocations=38974 (full 708):
 PSYoungGen      total 2560K, used 192K [0x00000000eab00000, 0x00000000eaf80000, 0x0000000100000000)
  eden space 2048K, 0% used [0x00000000eab00000,0x00000000eab00000,0x00000000ead00000)
  from space 512K, 37% used [0x00000000eae80000,0x00000000eaeb0000,0x00000000eaf00000)
  to   space 512K, 0% used [0x00000000eaf00000,0x00000000eaf00000,0x00000000eaf80000)
 ParOldGen       total 109568K, used 91956K [0x00000000c0000000, 0x00000000c6b00000, 0x00000000eab00000)
  object space 109568K, 83% used [0x00000000c0000000,0x00000000c59cd1d8,0x00000000c6b00000)
 Metaspace       used 102756K, committed 104064K, reserved 1179648K
  class space    used 10197K, committed 10752K, reserved 1048576K
}
Event: 63529.398 GC heap before
{Heap before GC invocations=38975 (full 708):
 PSYoungGen      total 2560K, used 2239K [0x00000000eab00000, 0x00000000eaf80000, 0x0000000100000000)
  eden space 2048K, 99% used [0x00000000eab00000,0x00000000eacfff78,0x00000000ead00000)
  from space 512K, 37% used [0x00000000eae80000,0x00000000eaeb0000,0x00000000eaf00000)
  to   space 512K, 0% used [0x00000000eaf00000,0x00000000eaf00000,0x00000000eaf80000)
 ParOldGen       total 109568K, used 91956K [0x00000000c0000000, 0x00000000c6b00000, 0x00000000eab00000)
  object space 109568K, 83% used [0x00000000c0000000,0x00000000c59cd1d8,0x00000000c6b00000)
 Metaspace       used 102756K, committed 104064K, reserved 1179648K
  class space    used 10197K, committed 10752K, reserved 1048576K
}
Event: 63529.400 GC heap after
{Heap after GC invocations=38975 (full 708):
 PSYoungGen      total 2560K, used 64K [0x00000000eab00000, 0x00000000eaf80000, 0x0000000100000000)
  eden space 2048K, 0% used [0x00000000eab00000,0x00000000eab00000,0x00000000ead00000)
  from space 512K, 12% used [0x00000000eaf00000,0x00000000eaf10000,0x00000000eaf80000)
  to   space 512K, 0% used [0x00000000eae80000,0x00000000eae80000,0x00000000eaf00000)
 ParOldGen       total 109568K, used 91998K [0x00000000c0000000, 0x00000000c6b00000, 0x00000000eab00000)
  object space 109568K, 83% used [0x00000000c0000000,0x00000000c59d7808,0x00000000c6b00000)
 Metaspace       used 102756K, committed 104064K, reserved 1179648K
  class space    used 10197K, committed 10752K, reserved 1048576K
}
Event: 63529.546 GC heap before
{Heap before GC invocations=38976 (full 708):
 PSYoungGen      total 2560K, used 2112K [0x00000000eab00000, 0x00000000eaf80000, 0x0000000100000000)
  eden space 2048K, 100% used [0x00000000eab00000,0x00000000ead00000,0x00000000ead00000)
  from space 512K, 12% used [0x00000000eaf00000,0x00000000eaf10000,0x00000000eaf80000)
  to   space 512K, 0% used [0x00000000eae80000,0x00000000eae80000,0x00000000eaf00000)
 ParOldGen       total 109568K, used 91998K [0x00000000c0000000, 0x00000000c6b00000, 0x00000000eab00000)
  object space 109568K, 83% used [0x00000000c0000000,0x00000000c59d7808,0x00000000c6b00000)
 Metaspace       used 102756K, committed 104064K, reserved 1179648K
  class space    used 10197K, committed 10752K, reserved 1048576K
}
Event: 63529.548 GC heap after
{Heap after GC invocations=38976 (full 708):
 PSYoungGen      total 2560K, used 256K [0x00000000eab00000, 0x00000000eaf80000, 0x0000000100000000)
  eden space 2048K, 0% used [0x00000000eab00000,0x00000000eab00000,0x00000000ead00000)
  from space 512K, 50% used [0x00000000eae80000,0x00000000eaec0020,0x00000000eaf00000)
  to   space 512K, 0% used [0x00000000eaf00000,0x00000000eaf00000,0x00000000eaf80000)
 ParOldGen       total 109568K, used 92036K [0x00000000c0000000, 0x00000000c6b00000, 0x00000000eab00000)
  object space 109568K, 83% used [0x00000000c0000000,0x00000000c59e11a0,0x00000000c6b00000)
 Metaspace       used 102756K, committed 104064K, reserved 1179648K
  class space    used 10197K, committed 10752K, reserved 1048576K
}

